c:\users\event\downloads\concertbooking\concertbooking\x64\debug\vc143.pdb
c:\users\event\downloads\concertbooking\concertbooking\x64\debug\vc143.idb
c:\users\event\downloads\concertbooking\concertbooking\x64\debug\venuemanagement.obj
c:\users\event\downloads\concertbooking\concertbooking\x64\debug\ticketmanagement.obj
c:\users\event\downloads\concertbooking\concertbooking\x64\debug\report.obj
c:\users\event\downloads\concertbooking\concertbooking\x64\debug\organizermanagement.obj
c:\users\event\downloads\concertbooking\concertbooking\x64\debug\main.obj
c:\users\event\downloads\concertbooking\concertbooking\x64\debug\eventmanagement.obj
c:\users\event\downloads\concertbooking\x64\debug\concertbooking.exe
c:\users\event\downloads\concertbooking\x64\debug\concertbooking.pdb
c:\users\event\downloads\concertbooking\concertbooking\x64\debug\concertbooking.ilk
c:\users\event\downloads\concertbooking\concertbooking\x64\debug\report.obj.enc
c:\users\event\downloads\concertbooking\concertbooking\x64\debug\venuemanagement.obj.enc
c:\users\event\downloads\concertbooking\concertbooking\x64\debug\concertbooking.tlog\cl.command.1.tlog
c:\users\event\downloads\concertbooking\concertbooking\x64\debug\concertbooking.tlog\cl.items.tlog
c:\users\event\downloads\concertbooking\concertbooking\x64\debug\concertbooking.tlog\cl.read.1.tlog
c:\users\event\downloads\concertbooking\concertbooking\x64\debug\concertbooking.tlog\cl.write.1.tlog
c:\users\event\downloads\concertbooking\concertbooking\x64\debug\concertbooking.tlog\link.command.1.tlog
c:\users\event\downloads\concertbooking\concertbooking\x64\debug\concertbooking.tlog\link.read.1.tlog
c:\users\event\downloads\concertbooking\concertbooking\x64\debug\concertbooking.tlog\link.secondary.1.tlog
c:\users\event\downloads\concertbooking\concertbooking\x64\debug\concertbooking.tlog\link.write.1.tlog
